  Block.cpp
  Button.cpp
  Coin.cpp
  Enemy.cpp
  Entity.cpp
c:\users\home\source\repos\redball\redball\entity.cpp(6): warning C4244: =: преобразование "int" в "float", возможна потеря данных
c:\users\home\source\repos\redball\redball\entity.cpp(8): warning C4244: аргумент: преобразование "int" в "T", возможна потеря данных
          with
          [
              T=float
          ]
  Flag.cpp
  Game.cpp
  GameMap.cpp
c:\users\home\source\repos\redball\redball\gamemap.cpp(30): warning C4244: аргумент: преобразование "int" в "T", возможна потеря данных
          with
          [
              T=float
          ]
c:\users\home\source\repos\redball\redball\gamemap.cpp(32): warning C4244: аргумент: преобразование "int" в "T", возможна потеря данных
          with
          [
              T=float
          ]
c:\users\home\source\repos\redball\redball\gamemap.cpp(34): warning C4244: аргумент: преобразование "int" в "T", возможна потеря данных
          with
          [
              T=float
          ]
c:\users\home\source\repos\redball\redball\gamemap.cpp(36): warning C4244: аргумент: преобразование "int" в "T", возможна потеря данных
          with
          [
              T=float
          ]
  GameState.cpp
  GameWindow.cpp
  MainMenuState.cpp
  Obstacle.cpp
c:\users\home\source\repos\redball\redball\obstacle.cpp(11): warning C4244: аргумент: преобразование "T" в "T", возможна потеря данных
          with
          [
              T=float
          ]
          and
          [
              T=int
          ]
  Player.cpp
c:\users\home\source\repos\redball\redball\player.cpp(178): warning C4305: +=: усечение из "double" в "float"
  Source.cpp
  Spike.cpp
  State.cpp
  Создание кода
c:\users\home\source\repos\redball\redball\button.cpp(41): warning C4172: возвращение адреса локальной или временной переменной
c:\users\home\source\repos\redball\redball\button.cpp(43): warning C4172: возвращение адреса локальной или временной переменной
  483 of 492 functions (98.2%) were compiled, the rest were copied from previous compilation.
    0 functions were new in current compilation
    0 functions had inline decision re-evaluated but remain unchanged
  Создание кода завершено
  RedBall.vcxproj -> C:\Users\Home\source\repos\RedBall\Release\RedBall.exe
